<?xml version="1.0" encoding="UTF-8"?>
<testng-results ignored="0" total="1" passed="1" failed="0" skipped="0">
  <reporter-output>
  </reporter-output>
  <suite started-at="2023-10-14T20:33:42 EEST" name="Default suite" finished-at="2023-10-14T20:33:51 EEST" duration-ms="9412">
    <groups>
    </groups>
    <test started-at="2023-10-14T20:33:42 EEST" name="Default test" finished-at="2023-10-14T20:33:51 EEST" duration-ms="9412">
      <class name="Tests.searchTest">
        <test-method is-config="true" signature="setUp()[pri:0, instance:Tests.searchTest@52bf72b5]" started-at="2023-10-14T20:33:42 EEST" name="setUp" finished-at="2023-10-14T20:33:47 EEST" duration-ms="5422" status="PASS">
          <reporter-output>
          </reporter-output>
        </test-method> <!-- setUp -->
        <test-method signature="searchForVacationPlace()[pri:0, instance:Tests.searchTest@52bf72b5]" started-at="2023-10-14T20:33:47 EEST" name="searchForVacationPlace" finished-at="2023-10-14T20:33:51 EEST" duration-ms="3726" status="PASS">
          <reporter-output>
          </reporter-output>
        </test-method> <!-- searchForVacationPlace -->
        <test-method is-config="true" signature="tearDown()[pri:0, instance:Tests.searchTest@52bf72b5]" started-at="2023-10-14T20:33:51 EEST" name="tearDown" finished-at="2023-10-14T20:33:51 EEST" duration-ms="243" status="PASS">
          <reporter-output>
          </reporter-output>
        </test-method> <!-- tearDown -->
      </class> <!-- Tests.searchTest -->
    </test> <!-- Default test -->
  </suite> <!-- Default suite -->
</testng-results>
